-13629173
-13468572
-11894912
-11369290
-10515136
-9912050
-9604434
-9216443
-8729288
-8601448
-8564488
-8173556
-8031175
-7384343
-7219051
-6770329
-6653604
-6591139
-6430824
-6376397
-5872363
-5759240
-5669246
-5634185
-5586344
-5500334
-5414630
-5353218
-5300245
-5078945
-5062023
-4720117
-4696042
-4492200
-4282052
-4207152
-4168683
-4072646
-3946126
-3906769
-3655722
-3573751
-3551879
-3450231
-3124091
-3005481
-2835376
-2736787
-2695170
-2681867
-2593169
-2580898
-2488709
-2485680
-2378853
-2304447
-2233091
-2199043
-2151149
-2141001
-2070166
-2056222
-2015946
-1956275
-1927752
-1853929
-1833852
-1781955
-1746316
-1671441
-1641845
-1619392
-1559382
-1487018
-1470280
-1459498
-1400252
-1393970
-1377619
-1365924
-1359893
-1321619
-1321128
-1297555
-1283812
-1215893
-1207465
-1191728
-1158889
-1152974
-1121203
-1095673
-1063232
-1032280
-1016005
-940960
-916767
-901774
-896839
-881458
-859293
-837144
-769469
-762646
-723016
-702487
-648623
-623077
-620368
-582600
-570203
-495182
-489501
-486343
-484810
-476716
-455675
-417754
-412410
-378639
-368881
-360139
-347635
-267541
-228768
-199202
-194135
-176510
-169885
-140352
-82058
-72818
-28561
-1581
0
0
0
0
0
0
0
0
0
0
0
0
0
0
7
7
7
7
7
7
7
7
7
7
7
7
7
7
7
7
7
7
7
7
7
7
8
8
8
8
8
8
8
8
8
8
8
8
8
8
8
8
8
8
8
8
8
8
8
8
9
9
9
9
9
9
9
9
9
9
9
9
9
9
9
9
9
9
9
9
9
9
9
9
9
9
9
9
9
9
9
9
9
9
9
10
10
10
10
10
10
10
10
10
10
10
10
10
10
10
10
10
10
10
10
10
10
10
10
10
10
10
10
10
10
10
10
11
11
11
11
11
11
11
11
11
11
11
11
11
11
11
11
11
11
12
12
12
12
12
12
12
12
12
12
12
12
12
12
12
12
12
12
12
12
13
13
13
13
13
13
13
13
13
13
13
13
13
13
13
13
13
13
13
14
14
14
14
14
14
14
14
14
14
14
14
15
15
15
15
15
15
15
15
15
15
15
15
15
15
16
16
16
16
16
16
16
16
16
16
17
17
17
17
17
17
17
17
17
17
18
18
18
18
18
18
18
19
19
19
19
19
19
19
20
20
20
20
20
20
20
21
21
21
21
21
21
21
21
21
22
22
22
22
23
23
23
23
24
24
24
24
24
25
25
25
26
26
26
26
27
27
27
27
29
29
29
30
30
30
31
31
32
32
33
34
34
34
34
34
34
35
36
36
36
36
36
40
40
42
42
42
44
49
50
51
51
51
54
56
60
60
61
62
62
63
65
65
65
67
67
69
69
69
70
70
70
72
73
73
73
73
74
74
74
74
74
75
75
75
75
76
76
76
77
77
78
78
79
79
79
80
80
80
81
81
81
82
82
82
82
82
82
83
83
83
83
83
83
83
83
83
84
84
84
84
84
84
84
84
84
84
85
85
85
85
85
85
85
86
86
86
86
86
87
87
87
87
87
88
88
88
88
88
88
89
89
89
89
89
89
90
90
90
90
90
91
91
91
92
92
92
92
92
92
92
92
92
93
93
93
93
93
93
94
94
95
95
95
95
95
95
95
95
95
96
96
96
96
96
96
96
97
97
97
97
97
98
98
98
98
99
99
99
99
99
100
100
100
100
101
101
101
101
101
102
102
102
103
103
103
104
104
104
104
104
104
104
104
105
105
105
105
105
105
105
105
105
106
106
106
106
106
106
106
106
106
107
107
107
107
107
107
108
108
109
109
109
110
110
110
110
110
111
111
111
111
111
111
111
112
112
112
112
112
113
113
113
113
113
113
114
114
114
114
114
115
115
115
115
115
116
116
116
116
116
116
117
117
117
117
117
118
118
118
119
119
119
119
119
119
119
119
120
120
120
120
121
121
121
121
121
122
122
122
122
123
123
124
124
124
124
124
125
125
125
125
125
126
126
126
127
127
127
128
128
128
128
129
129
130
130
130
130
131
131
132
132
132
133
133
133
134
134
134
134
134
135
135
135
135
135
135
136
137
137
137
137
138
138
138
139
139
140
140
140
140
140
140
141
141
141
142
144
146
148
148
150
158
166
181
189
214
237
247
247
253
262
262
265
266
268
270
280
300
302
304
316
316
316
320
330
333
334
335
343
343
348
349
350
351
354
356
359
360
368
371
375
375
379
381
381
385
391
391
395
404
404
405
407
412
416
422
423
426
426
426
427
429
431
435
437
437
438
440
442
442
442
445
446
449
450
452
453
454
455
457
457
459
460
468
469
470
471
471
475
476
477
477
478
478
479
485
485
486
488
490
490
493
497
499
504
509
509
513
524
525
525
526
530
533
539
541
544
545
549
550
562
568
570
570
575
575
583
583
584
593
598
601
601
615
616
618
622
624
635
637
643
650
656
665
676
693
693
696
698
701
712
712
717
718
718
720
729
730
735
735
746
749
759
764
764
767
767
792
803
804
821
837
856
871
873
906
910
917
919
924
925
926
929
931
932
932
935
936
937
938
943
943
944
945
948
955
960
972
983
984
986
988
989
994
996
997
1000
1000
1005
1005
1015
1024
1026
1026
1039
1039
1041
1043
1046
1050
1053
1056
1057
1057
1059
1061
1066
1069
1069
1073
1081
1088
1095
1102
1104
1105
1108
1109
1112
1114
1117
1118
1120
1125
1125
1126
1138
1142
1159
1165
1175
1176
1179
1187
1196
1204
1206
1212
1213
1217
1220
1228
1230
1240
1251
1252
1261
1263
1269
1274
1275
1279
1285
1291
1298
1299
1300
1303
1324
1325
1327
1329
1330
1333
1336
1342
1355
1358
1359
1359
1366
1372
1372
1380
1380
1380
1381
1381
1393
1393
1397
1416
1417
1421
1426
1427
1429
1431
1445
1445
1449
1449
1451
1452
1453
1454
1462
1463
1466
1471
1479
1490
1490
1490
1490
1492
1497
1498
1526
1533
1543
1543
1544
1556
1556
1556
1563
1572
1574
1586
1592
1595
1597
1598
1603
1604
1618
1622
1629
1632
1646
1652
1668
1670
1673
1674
1677
1682
1685
1685
1690
1694
1715
1719
1719
1720
1723
1734
1736
1745
1768
1769
1771
1772
1776
1778
1782
1786
1786
1801
1806
1808
1816
1823
1825
1833
1834
1844
1849
1852
1855
1872
1875
1876
1878
1881
1890
1898
1900
1904
1917
1921
1924
1932
1942
1943
1951
1954
1954
1955
1963
1964
1967
1967
1968
1969
1970
1971
1973
1986
1991
1998
2002
2007
2019
2029
2029
2030
2035
2042
2072
2073
2082
2088
2089
2090
2091
2097
2099
2100
2108
2108
2111
2113
2116
2117
2120
2122
2125
2140
2143
2152
2157
2175
2180
2192
2202
2217
2217
2228
2229
2238
2242
2244
2253
2262
2264
2266
2276
2278
2285
2285
2289
2308
2310
2311
2323
2325
2326
2328
2330
2330
2343
2344
2353
2373
2375
2387
2398
2400
2418
2450
2461
2465
2473
2476
2480
2483
2491
2501
2503
2513
2513
2520
2521
2528
2534
2535
2543
2556
2560
2569
2591
2608
2608
2618
2619
2622
2623
2631
2643
2661
2663
2666
2670
2671
2680
2681
2687
2691
2708
2708
2724
2734
2736
2755
2756
2761
2761
2764
2770
2776
2783
2787
2788
2799
2800
2800
2806
2814
2815
2818
2828
2837
2844
2845
2849
2850
2850
2856
2865
2866
2866
2867
2870
2872
2877
2902
2905
2917
2920
2931
2932
2936
2940
2951
2953
2954
2963
2963
2970
2972
2978
2981
2983
2983
2986
2997
2997
2999
3000
3003
3005
3009
3010
3011
3018
3020
3023
3026
3027
3029
3038
3045
3051
3059
3064
3064
3082
3082
3090
3099
3101
3106
3109
3114
3117
3118
3120
3121
3123
3138
3146
3151
3152
3154
3157
3170
3170
3173
3179
3181
3205
3210
3214
3219
3228
3228
3259
3264
3269
3270
3276
3276
3277
3284
3284
3293
3299
3301
3305
3305
3308
3314
3315
3316
3318
3322
3323
3328
3328
3332
3332
3335
3340
3345
3355
3359
3360
3360
3362
3371
3376
3379
3380
3380
3385
3393
3400
3407
3418
3426
3428
3434
3438
3439
3440
3445
3449
3453
3455
3457
3466
3472
3478
3480
3497
3502
3515
3515
3523
3539
3539
3541
3559
3576
3580
3581
3596
3603
3612
3629
3638
3644
3652
3659
3678
3678
3680
3683
3690
3691
3691
3691
3691
3692
3694
3700
3701
3709
3718
3721
3728
3729
3731
3732
3740
3744
3745
3745
3749
3750
3754
3759
3765
3776
3795
3798
3804
3810
3826
3832
3834
3835
3855
3857
3858
3859
3859
3860
3865
3866
3902
3907
3908
3925
3927
3931
3946
3949
3950
3953
3961
3961
3969
3981
4006
4018
4030
4031
4031
4032
4035
4048
4052
4055
4056
4056
4074
4075
4079
4082
4097
4100
4106
4106
4115
4119
4125
4145
4149
4153
4155
4156
4158
4170
4184
4184
4186
4192
4194
4199
4203
4204
4211
4211
4216
4226
4232
4233
4240
4252
4256
4260
4274
4275
4288
4289
4295
4308
4310
4322
4326
4331
4332
4346
4353
4358
4360
4364
4366
4366
4369
4370
4373
4380
4388
4393
4401
4404
4405
4418
4435
4438
4445
4452
4454
4455
4463
4470
4474
4478
4483
4497
4501
4502
4506
4509
4510
4510
4511
4516
4516
4518
4526
4528
4531
4536
4551
4559
4566
4568
4574
4577
4581
4583
4596
4600
4605
4609
4612
4623
4625
4630
4633
4642
4646
4649
4653
4656
4662
4663
4669
4673
4681
4681
4688
4689
4693
4694
4695
4700
4710
4716
4723
4731
4742
4745
4749
4755
4758
4764
4765
4774
4784
4799
4802
4828
4828
4846
4853
4867
4870
4872
4876
4880
4881
4885
4893
4894
4894
4900
4911
4912
4919
4928
4931
4943
4950
4968
4979
4986
4991
4993
4994
5010
5012
5014
5017
5018
5022
5033
5034
5036
5049
5056
5056
5057
5057
5060
5062
5067
5068
5073
5077
5079
5091
5094
5095
5107
5109
5118
5119
5124
5127
5128
5153
5153
5162
5167
5173
5178
5188
5190
5200
5201
5203
5208
5209
5209
5220
5220
5225
5228
5235
5248
5256
5258
5263
5273
5278
5288
5289
5294
5299
5301
5307
5318
5324
5328
5330
5342
5343
5347
5353
5355
5355
5365
5369
5381
5381
5399
5402
5403
5412
5418
5420
5420
5421
5432
5445
5449
5459
5466
5478
5483
5484
5491
5492
5494
5495
5499
5507
5523
5530
5576
5578
5578
5587
5588
5596
5599
5604
5606
5609
5613
5617
5619
5630
5640
5651
5653
5661
5670
5670
5679
5688
5692
5703
5708
5720
5720
5726
5729
5731
5733
5736
5743
5747
5747
5752
5772
5777
5783
5784
5785
5786
5795
5799
5800
5805
5806
5820
5824
5828
5834
5839
5843
5847
5847
5851
5852
5853
5854
5857
5858
5859
5863
5877
5879
5883
5891
5899
5900
5933
5939
5945
5947
5948
5950
5951
5951
5955
5970
5976
5978
5985
6005
6009
6010
6013
6030
6039
6043
6043
6052
6055
6057
6057
6058
6081
6085
6100
6102
6109
6119
6134
6136
6160
6173
6176
6177
6177
6178
6203
6204
6204
6208
6212
6218
6221
6233
6236
6237
6237
6247
6251
6251
6252
6255
6258
6271
6273
6275
6276
6288
6292
6292
6293
6294
6309
6309
6318
6319
6320
6323
6334
6334
6337
6339
6349
6366
6379
6396
6403
6407
6433
6441
6447
6459
6459
6460
6470
6484
6488
6496
6507
6509
6513
6513
6517
6517
6519
6522
6541
6543
6546
6562
6565
6580
6582
6585
6588
6588
6590
6594
6599
6600
6609
6610
6616
6619
6622
6626
6631
6633
6634
6652
6654
6657
6662
6672
6680
6680
6683
6684
6689
6692
6711
6712
6717
6726
6728
6734
6735
6773
6774
6775
6782
6785
6790
6807
6811
6818
6820
6821
6821
6821
6822
6823
6828
6832
6836
6854
6874
6881
6884
6890
6892
6901
6910
6916
6924
6937
6957
6966
6969
6972
6986
6988
6989
6998
7009
7024
7028
7035
7045
7047
7048
7049
7056
7060
7069
7075
7083
7088
7101
7102
7104
7107
7117
7118
7123
7130
7133
7142
7144
7149
7158
7159
7159
7166
7176
7186
7190
7198
7210
7221
7222
7229
7232
7238
7240
7243
7243
7251
7259
7260
7264
7270
7270
7280
7297
7306
7307
7311
7328
7342
7345
7361
7370
7370
7372
7380
7387
7396
7399
7409
7409
7411
7415
7416
7417
7423
7426
7434
7437
7442
7446
7449
7456
7461
7475
7476
7478
7479
7480
7494
7505
7506
7509
7512
7514
7523
7535
7539
7539
7544
7553
7553
7568
7570
7592
7595
7598
7615
7615
7616
7627
7637
7647
7655
7658
7658
7685
7686
7689
7690
7709
7710
7716
7726
7729
7733
7736
7748
7752
7764
7766
7771
7792
7798
7799
7806
7822
7824
7832
7839
7840
7850
7850
7861
7861
7862
7879
7879
7883
7892
7906
7917
7922
7926
7938
7969
7973
7978
7978
7981
7990
7997
7999
8000
8001
8010
8012
8012
8033
8038
8042
8051
8060
8061
8061
8062
8075
8078
8090
8090
8094
8104
8113
8115
8120
8123
8129
8134
8139
8157
8159
8162
8171
8172
8197
8234
8240
8244
8247
8257
8257
8263
8264
8265
8266
8275
8294
8296
8303
8308
8310
8310
8311
8313
8315
8316
8327
8349
8353
8357
8365
8379
8379
8379
8380
8387
8388
8391
8403
8416
8427
8436
8439
8442
8448
8451
8458
8461
8465
8465
8467
8476
8478
8483
8487
8500
8501
8515
8525
8531
8543
8544
8546
8547
8556
8558
8559
8563
8567
8568
8571
8593
8600
8608
8627
8637
8639
8645
8647
8648
8652
8654
8658
8663
8669
8679
8680
8686
8695
8703
8706
8713
8721
8723
8726
8729
8740
8753
8766
8767
8768
8770
8773
8782
8812
8812
8815
8832
8832
8836
8838
8840
8840
8854
8856
8856
8858
8858
8884
8898
8901
8902
8908
8919
8921
8927
8961
8967
8973
8975
8979
8981
8987
8999
9007
9010
9011
9021
9024
9033
9048
9049
9056
9058
9072
9081
9085
9092
9097
9099
9102
9103
9104
9107
9112
9122
9124
9125
9129
9135
9135
9162
9168
9169
9176
9180
9193
9196
9197
9208
9213
9216
9225
9244
9248
9253
9267
9275
9280
9284
9299
9302
9302
9311
9313
9319
9323
9328
9329
9332
9351
9361
9363
9367
9370
9379
9382
9383
9387
9392
9394
9396
9407
9415
9417
9418
9444
9445
9446
9452
9477
9482
9484
9489
9493
9497
9502
9518
9523
9527
9528
9531
9534
9544
9549
9555
9556
9558
9567
9573
9595
9603
9603
9610
9618
9622
9627
9639
9645
9652
9656
9657
9671
9692
9693
9714
9715
9717
9721
9726
9726
9730
9751
9753
9763
9765
9766
9767
9769
9771
9774
9784
9786
9789
9803
9806
9809
9813
9813
9816
9821
9824
9827
9832
9833
9835
9842
9850
9866
9867
9873
9877
9880
9882
9883
9888
9889
9898
9900
9902
9908
9912
9920
9927
9929
9931
9931
9957
9959
9973
9973
9976
9980
9994
9999
10001
10003
10009
10023
10026
10034
10035
10041
10058
10072
10077
10091
10091
10098
10109
10115
10116
10125
10130
10132
10134
10144
10155
10159
10190
10192
10198
10198
10201
10207
10213
10237
10243
10244
10248
10268
10269
10271
10292
10307
10310
10326
10327
10328
10330
10335
10342
10346
10354
10370
10375
10376
10382
10391
10392
10398
10399
10401
10414
10417
10419
10422
10436
10447
10447
10476
10480
10490
10494
10495
10509
10514
10517
10527
10529
10539
10539
10540
10545
10553
10564
10565
10566
10570
10573
10580
10612
10613
10617
10618
10618
10622
10626
10636
10648
10650
10654
10661
10666
10667
10679
10684
10686
10699
10708
10711
10713
10720
10720
10726
10731
10735
10742
10769
10778
10790
10818
10824
10832
10838
10846
10847
10853
10880
10888
10893
10897
10905
10918
10930
10936
10951
10953
10956
10959
10961
10971
10971
10974
10978
10997
10998
11022
11029
11030
11030
11032
11040
11041
11042
11043
11061
11061
11062
11063
11063
11072
11079
11091
11094
11094
11102
11105
11106
11117
11121
11125
11127
11129
11136
11145
11148
11157
11160
11163
11163
11181
11186
11195
11200
11205
11209
11215
11216
11218
11220
11242
11246
11265
11268
11269
11273
11276
11284
11286
11288
11292
11295
11303
11311
11318
11325
11333
11335
11348
11354
11354
11356
11356
11359
11388
11402
11409
11410
11419
11420
11427
11428
11439
11489
11497
11506
11512
11536
11539
11540
11543
11545
11547
11559
11563
11570
11572
11576
11576
11577
11582
11585
11585
11585
11600
11607
11618
11623
11625
11627
11638
11641
11643
11648
11655
11655
11661
11664
11668
11673
11675
11682
11686
11687
11695
11696
11700
11705
11706
11707
11708
11723
11738
11744
11754
11758
11780
11791
11795
11805
11814
11815
11847
11857
11862
11862
11864
11872
11885
11886
11895
11902
11903
11904
11904
11911
11920
11924
11938
11944
11945
11969
11987
11994
11996
12003
12021
12069
12072
12090
12090
12092
12106
12108
12109
12121
12135
12138
12138
12142
12149
12151
12157
12158
12162
12170
12170
12170
12172
12185
12186
12193
12208
12211
12212
12215
12221
12222
12245
12248
12257
12259
12260
12261
12278
12284
12290
12294
12306
12310
12313
12316
12317
12323
12331
12331
12341
12342
12369
12372
12381
12398
12403
12406
12412
12425
12456
12458
12469
12488
12491
12491
12498
12509
12517
12520
12521
12531
12538
12542
12558
12579
12587
12599
12607
12607
12618
12634
12650
12662
12667
12675
12676
12684
12686
12698
12717
12730
12732
12732
12754
12775
12777
12779
12780
12784
12785
12789
12792
12798
12811
12818
12822
12836
12850
12882
12909
12913
12933
12934
12936
12969
12981
12986
12994
12996
13003
13006
13006
13021
13026
13029
13038
13043
13045
13055
13055
13059
13075
13077
13078
13079
13081
13089
13091
13125
13132
13136
13159
13164
13167
13175
13189
13191
13197
13216
13223
13247
13260
13261
13269
13271
13294
13298
13302
13344
13344
13346
13349
13353
13376
13437
13448
13473
13479
13484
13489
13505
13508
13512
13518
13518
13523
13527
13528
13533
13537
13541
13541
13546
13553
13554
13560
13568
13569
13572
13597
13599
13600
13620
13629
13630
13630
13636
13652
13652
13654
13659
13682
13705
13705
13707
13730
13743
13756
13759
13760
13764
13765
13775
13780
13786
13790
13795
13812
13831
13836
13836
13846
13853
13861
13862
13863
13869
13887
13896
13910
13918
13923
13944
13956
13962
13966
13967
13974
13992
13993
13998
13999
14007
14012
14023
14025
14029
14039
14048
14055
14059
14079
14084
14087
14096
14111
14124
14126
14126
14144
14146
14146
14151
14155
14161
14171
14181
14182
14209
14210
14214
14227
14230
14245
14252
14268
14275
14291
14314
14316
14322
14324
14329
14330
14347
14355
14371
14374
14377
14380
14408
14409
14411
14413
14413
14418
14427
14430
14435
14435
14442
14460
14460
14465
14469
14474
14485
14495
14499
14502
14503
14504
14506
14525
14538
14540
14542
14544
14545
14551
14564
14569
14574
14579
14589
14596
14617
14618
14641
14643
14648
14650
14662
14673
14678
14680
14686
14689
14692
14718
14726
14735
14738
14741
14744
14764
14765
14772
14781
14799
14800
14805
14806
14814
14818
14821
14828
14845
14846
14846
14852
14854
14863
14878
14883
14884
14902
14905
14907
14913
14922
14923
14924
14933
14935
14939
14955
14964
14967
14968
14969
14983
15004
15005
15012
15014
15015
15020
15054
15061
15062
15064
15068
15085
15086
15092
15107
15140
15145
15151
15152
15154
15159
15159
15160
15168
15177
15178
15185
15186
15189
15194
15195
15210
15220
15266
15266
15269
15273
15289
15289
15294
15303
15307
15308
15311
15318
15336
15337
15339
15345
15349
15356
15357
15360
15365
15368
15375
15375
15386
15391
15395
15398
15413
15421
15421
15426
15432
15442
15444
15466
15478
15493
15497
15501
15513
15541
15549
15561
15573
15573
15576
15580
15599
15605
15612
15615
15615
15617
15619
15630
15636
15637
15639
15663
15681
15706
15709
15719
15768
15768
15768
15796
15797
15800
15807
15808
15822
15832
15836
15844
15865
15871
15872
15877
15878
15891
15892
15907
15910
15911
15924
15927
15930
15954
15958
15958
15959
15961
15963
15986
15992
15993
16009
16013
16029
16039
16051
16054
16058
16074
16081
16091
16095
16106
16106
16110
16124
16127
16132
16133
16148
16150
16165
16176
16178
16184
16185
16195
16213
16225
16228
16234
16239
16242
16248
16260
16261
16273
16274
16279
16288
16289
16302
16305
16309
16310
16311
16315
16316
16318
16322
16337
16340
16342
16344
16345
16351
16355
16355
16381
16388
16388
16396
16410
16415
16415
16415
16428
16429
16437
16444
16448
16450
16450
16456
16463
16485
16501
16507
16509
16513
16517
16524
16544
16556
16567
16570
16572
16575
16585
16590
16640
16661
16681
16695
16700
16706
16717
16723
16724
16737
16751
16766
16768
16778
16782
16802
16812
16818
16819
16820
16824
16843
16859
16859
16863
16872
16874
16878
16882
16887
16892
16893
16911
16911
16916
16920
16922
16928
16928
16930
16935
16943
16947
16952
16962
16963
16981
16994
17010
17031
17031
17036
17037
17043
17044
17046
17056
17060
17075
17096
17126
17136
17140
17140
17145
17157
17157
17163
17184
17195
17198
17201
17206
17217
17230
17238
17247
17252
17261
17265
17271
17271
17272
17284
17291
17295
17296
17298
17318
17319
17319
17323
17336
17361
17363
17365
17379
17390
17392
17399
17419
17420
17420
17421
17421
17429
17441
17471
17475
17478
17483
17495
17496
17497
17497
17505
17509
17514
17536
17538
17542
17543
17546
17555
17560
17563
17564
17578
17578
17580
17584
17603
17614
17622
17634
17638
17643
17652
17661
17667
17672
17677
17680
17695
17704
17705
17705
17705
17708
17714
17715
17721
17736
17743
17759
17760
17764
17768
17776
17778
17780
17781
17790
17795
17797
17811
17811
17824
17829
17834
17838
17839
17841
17863
17865
17865
17868
17874
17876
17886
17888
17903
17904
17917
17918
17920
17922
17967
17980
17984
17991
18005
18014
18030
18032
18034
18034
18047
18047
18060
18066
18067
18076
18086
18092
18125
18128
18137
18148
18152
18160
18179
18196
18202
18210
18223
18231
18240
18256
18266
18280
18284
18285
18286
18308
18325
18345
18353
18370
18420
18428
18430
18441
18444
18453
18460
18462
18468
18478
18483
18485
18486
18489
18496
18505
18514
18530
18532
18550
18557
18562
18566
18571
18584
18585
18599
18611
18659
18687
18703
18707
18708
18723
18732
18746
18748
18756
18771
18790
18801
18811
18813
18813
18818
18825
18825
18828
18831
18840
18841
18858
18870
18874
18876
18876
18878
18878
18897
18915
18919
18920
18932
18932
18943
18946
18953
18964
18969
18973
18979
18983
19010
19025
19025
19034
19043
19044
19048
19049
19051
19054
19079
19092
19093
19104
19109
19113
19129
19132
19135
19148
19165
19176
19180
19182
19183
19187
19212
19216
19220
19232
19232
19234
19238
19252
19255
19255
19263
19271
19299
19304
19305
19340
19340
19342
19347
19371
19380
19386
19387
19387
19391
19397
19411
19424
19433
19436
19454
19478
19479
19484
19490
19496
19506
19510
19514
19518
19539
19544
19547
19562
19601
19614
19626
19628
19646
19654
19663
19664
19669
19697
19718
19725
19733
19765
19786
19791
19802
19804
19814
19823
19832
19842
19842
19855
19871
19875
19879
19879
19880
19892
19897
19909
19943
19951
19962
19964
19973
19977
19991
20011
20016
20022
20024
20035
20044
20057
20067
20072
20073
20076
20088
20097
20109
20119
20122
20129
20144
20156
20162
20179
20179
20212
20240
20247
20262
20264
20269
20274
20274
20281
20296
20296
20304
20309
20319
20323
20341
20353
20354
20368
20372
20373
20401
20424
20432
20438
20450
20452
20453
20458
20472
20475
20477
20481
20506
20525
20531
20533
20543
20543
20546
20548
20554
20561
20565
20589
20598
20627
20627
20631
20651
20657
20661
20662
20673
20689
20690
20691
20711
20714
20727
20729
20735
20751
20757
20757
20763
20791
20793
20803
20807
20810
20813
20831
20839
20841
20863
20890
20903
20936
20946
20955
20972
20973
21001
21020
21023
21029
21039
21040
21063
21072
21077
21082
21088
21092
21096
21104
21106
21112
21114
21116
21123
21139
21153
21171
21193
21199
21203
21217
21266
21271
21278
21314
21319
21320
21323
21326
21336
21344
21348
21367
21373
21376
21377
21381
21400
21406
21420
21442
21456
21461
21463
21471
21488
21507
21511
21511
21515
21543
21550
21558
21573
21573
21574
21585
21602
21609
21625
21629
21637
21651
21660
21660
21671
21674
21690
21691
21698
21699
21704
21721
21725
21745
21749
21756
21773
21789
21796
21799
21822
21837
21847
21850
21856
21858
21859
21863
21870
21874
21881
21886
21897
21901
21907
21914
21920
21929
21940
21947
21955
21965
21969
21976
21980
21998
22007
22014
22022
22037
22051
22053
22088
22095
22106
22108
22112
22114
22126
22129
22130
22131
22146
22163
22166
22185
22211
22218
22245
22250
22255
22286
22290
22293
22297
22304
22311
22317
22328
22333
22334
22335
22335
22349
22363
22365
22367
22372
22373
22378
22435
22445
22448
22461
22464
22472
22488
22488
22499
22506
22523
22527
22530
22537
22546
22551
22571
22577
22583
22585
22590
22603
22615
22615
22616
22621
22631
22641
22649
22663
22665
22666
22667
22669
22690
22695
22702
22712
22728
22748
22750
22754
22772
22786
22798
22806
22821
22830
22840
22841
22844
22854
22857
22869
22874
22879
22879
22888
22901
22906
22913
22918
22925
22963
22967
22977
22979
22989
22991
23005
23009
23016
23021
23032
23036
23039
23042
23050
23054
23065
23068
23068
23069
23069
23073
23089
23107
23110
23119
23132
23157
23159
23166
23179
23179
23207
23211
23212
23216
23218
23226
23246
23248
23260
23273
23281
23292
23294
23302
23305
23307
23316
23319
23324
23335
23335
23354
23365
23389
23432
23433
23434
23445
23449
23456
23471
23471
23484
23502
23541
23552
23567
23569
23574
23589
23599
23599
23604
23615
23627
23665
23674
23688
23715
23716
23720
23749
23765
23770
23794
23795
23815
23846
23870
23882
23901
23908
23908
23972
23974
23980
24011
24063
24064
24066
24088
24090
24108
24117
24122
24127
24138
24153
24177
24189
24198
24210
24219
24229
24230
24243
24247
24255
24262
24277
24284
24286
24307
24310
24317
24327
24334
24342
24345
24369
24378
24380
24382
24400
24400
24409
24413
24416
24441
24445
24450
24479
24479
24505
24526
24537
24540
24568
24568
24572
24575
24575
24588
24611
24614
24632
24634
24634
24643
24645
24651
24656
24660
24670
24674
24679
24693
24696
24705
24707
24710
24711
24747
24757
24758
24768
24779
24806
24815
24826
24826
24831
24833
24837
24849
24850
24859
24884
24889
24891
24892
24896
24904
24917
24921
24948
24956
24976
24979
24995
24996
24998
25005
25019
25023
25034
25055
25059
25060
25062
25075
25086
25088
25096
25115
25117
25122
25148
25149
25163
25170
25172
25178
25183
25205
25212
25231
25233
25236
25257
25307
25318
25320
25335
25361
25383
25387
25395
25397
25397
25421
25424
25426
25444
25472
25473
25483
25485
25494
25511
25524
25525
25549
25551
25570
25574
25583
25599
25606
25611
25625
25628
25651
25656
25657
25661
25661
25668
25684
25692
25705
25723
25728
25740
25741
25741
25746
25751
25751
25789
25790
25800
25821
25824
25826
25836
25839
25850
25854
25857
25857
25878
25882
25888
25896
25902
25911
25920
25923
25929
25937
25939
25950
25960
25973
25988
25996
26019
26027
26029
26031
26033
26034
26037
26067
26072
26087
26087
26110
26115
26126
26130
26153
26160
26162
26169
26174
26203
26221
26225
26262
26270
26278
26292
26298
26301
26316
26323
26328
26359
26365
26368
26369
26371
26386
26404
26418
26438
26452
26456
26457
26464
26470
26473
26476
26486
26488
26497
26516
26541
26549
26559
26565
26574
26591
26600
26635
26648
26655
26659
26668
26675
26685
26686
26692
26705
26718
26729
26730
26756
26774
26778
26785
26791
26811
26823
26843
26847
26849
26853
26855
26874
26885
26918
26923
26925
26931
26940
26943
26959
26963
26964
26967
26973
26987
26994
26995
27042
27043
27051
27052
27054
27069
27071
27075
27080
27091
27100
27100
27105
27118
27121
27133
27138
27153
27154
27163
27173
27217
27217
27242
27266
27268
27279
27290
27336
27349
27358
27373
27378
27385
27406
27412
27421
27423
27431
27473
27476
27490
27505
27506
27508
27517
27520
27526
27529
27565
27573
27578
27583
27621
27643
27653
27653
27675
27720
27732
27734
27764
27770
27776
27779
27796
27798
27810
27811
27815
27836
27848
27859
27859
27867
27868
27868
27876
27887
27891
27900
27913
27923
27937
27947
27964
27965
27966
27966
27981
28016
28024
28039
28054
28066
28069
28070
28071
28074
28089
28104
28110
28120
28124
28148
28173
28189
28189
28202
28206
28212
28213
28241
28245
28250
28266
28294
28303
28315
28325
28357
28361
28377
28384
28393
28406
28426
28437
28463
28472
28497
28514
28520
28526
28534
28546
28557
28576
28591
28595
28606
28619
28622
28634
28654
28658
28670
28670
28672
28707
28744
28762
28800
28805
28830
28831
28834
28865
28867
28876
28889
28895
28909
28917
28933
28941
28957
28959
28975
28979
29003
29004
29006
29011
29011
29017
29042
29052
29055
29063
29064
29067
29075
29079
29115
29119
29135
29137
29173
29177
29186
29198
29203
29209
29219
29233
29240
29253
29260
29298
29311
29317
29320
29326
29353
29356
29360
29376
29388
29439
29446
29468
29479
29515
29522
29537
29555
29597
29617
29628
29630
29636
29662
29699
29699
29709
29719
29734
29746
29747
29752
29760
29763
29765
29766
29782
29792
29793
29796
29805
29809
29811
29820
29829
29882
29885
29896
29914
29929
29938
29941
29977
29977
29977
29999
30027
30043
30056
30069
30074
30076
30084
30096
30139
30143
30156
30157
30177
30181
30203
30214
30239
30247
30249
30268
30278
30292
30298
30314
30324
30326
30326
30328
30330
30331
30335
30348
30366
30366
30368
30394
30421
30426
30433
30468
30507
30525
30538
30544
30555
30572
30579
30585
30592
30593
30620
30629
30647
30663
30666
30667
30710
30716
30739
30754
30771
30774
30798
30803
30817
30823
30847
30852
30852
30858
30874
30874
30909
30922
30926
30929
30930
30947
30957
30965
30969
30976
30997
31000
31005
31008
31011
31034
31066
31068
31071
31072
31074
31081
31087
31109
31110
31119
31139
31152
31168
31172
31177
31206
31219
31228
31281
31285
31288
31295
31299
31320
31320
31333
31339
31348
31389
31391
31407
31426
31457
31461
31464
31469
31481
31496
31500
31507
31510
31514
31524
31529
31534
31555
31564
31629
31631
31662
31669
31672
31681
31687
31695
31705
31762
31781
31797
31810
31821
31837
31846
31858
31864
31876
31877
31880
31934
32015
32025
32029
32031
32040
32041
32058
32091
32092
32125
32130
32134
32135
32138
32158
32173
32182
32183
32194
32196
32210
32213
32224
32237
32269
32278
32289
32293
32302
32304
32304
32310
32319
32320
32331
32355
32368
32370
32375
32407
32453
32458
32465
32472
32481
32492
32529
32529
32529
32538
32539
32585
32588
32611
32613
32614
32625
32626
32644
32644
32648
32668
32678
32694
32695
32696
32699
32721
32727
32730
32732
32738
32766
32770
32772
32785
32785
32793
32794
32833
32838
32846
32848
32850
32862
32871
32871
32877
32880
32901
32912
32915
32916
32925
32942
32948
32996
33017
33018
33070
33075
33076
33120
33122
33130
33133
33147
33162
33163
33204
33212
33212
33215
33229
33262
33266
33268
33283
33296
33306
33308
33333
33335
33356
33381
33395
33399
33419
33419
33442
33444
33459
33464
33468
33470
33482
33487
33524
33564
33570
33578
33590
33617
33639
33643
33656
33682
33683
33697
33706
33706
33716
33717
33728
33733
33745
33750
33776
33799
33812
33816
33822
33828
33832
33864
33881
33898
33901
33905
33910
33911
33918
33924
33956
33970
33982
33986
34025
34056
34061
34071
34098
34104
34110
34113
34120
34129
34132
34139
34159
34168
34184
34206
34207
34217
34220
34221
34251
34283
34287
34288
34316
34318
34318
34330
34335
34364
34370
34373
34374
34411
34454
34456
34461
34465
34470
34471
34476
34479
34490
34503
34506
34506
34506
34528
34543
34551
34552
34557
34563
34594
34601
34607
34623
34625
34631
34644
34666
34679
34685
34714
34735
34735
34739
34745
34771
34775
34784
34787
34796
34836
34862
34867
34879
34893
34897
34905
34925
34934
34935
34936
34957
34959
35016
35023
35032
35036
35042
35043
35053
35077
35132
35140
35141
35148
35150
35160
35166
35176
35177
35184
35205
35212
35213
35237
35243
35273
35277
35278
35292
35295
35296
35351
35355
35377
35381
35389
35408
35408
35409
35422
35432
35450
35455
35458
35480
35507
35512
35516
35529
35552
35554
35555
35559
35561
35571
35610
35625
35631
35641
35658
35672
35679
35704
35713
35723
35729
35757
35758
35763
35776
35809
35809
35859
35861
35898
35899
35919
35928
35931
35942
35958
35977
35983
35991
36035
36042
36051
36056
36068
36073
36082
36095
36096
36127
36143
36143
36180
36194
36197
36198
36210
36214
36228
36229
36279
36286
36291
36303
36304
36318
36321
36344
36363
36363
36365
36371
36374
36411
36417
36419
36423
36424
36426
36455
36479
36509
36510
36515
36520
36530
36544
36558
36564
36569
36582
36597
36601
36610
36653
36688
36727
36742
36760
36796
36797
36818
36819
36820
36828
36850
36856
36858
36867
36875
36927
36951
36951
36954
36974
36978
37001
37023
37038
37048
37063
37070
37079
37081
37097
37103
37195
37208
37220
37228
37249
37254
37260
37280
37286
37308
37323
37331
37336
37337
37347
37375
37381
37385
37394
37417
37440
37443
37451
37458
37466
37474
37480
37498
37506
37546
37546
37554
37577
37650
37657
37671
37707
37726
37730
37732
37744
37750
37779
37793
37801
37805
37808
37813
37829
37877
37927
37930
37941
37944
37954
37963
37969
37977
37988
38000
38012
38089
38090
38096
38118
38125
38132
38148
38174
38228
38236
38237
38243
38311
38314
38330
38331
38360
38379
38382
38421
38476
38476
38480
38511
38521
38542
38552
38552
38567
38573
38575
38596
38596
38614
38616
38625
38635
38663
38695
38715
38726
38729
38733
38746
38757
38759
38770
38792
38800
38814
38852
38872
38872
38883
38884
38891
38905
38910
38920
38940
38945
38945
38953
38966
38976
38981
38983
38987
39006
39006
39009
39022
39048
39051
39072
39093
39108
39109
39190
39192
39195
39275
39295
39301
39311
39312
39319
39327
39346
39360
39385
39387
39407
39409
39414
39436
39446
39458
39461
39472
39472
39478
39486
39486
39547
39549
39571
39583
39615
39620
39620
39649
39654
39658
39675
39679
39693
39702
39725
39733
39742
39751
39760
39803
39804
39806
39813
39815
39822
39851
39852
39866
39874
39876
39902
39917
39925
39925
39936
39952
39968
39973
39991
40000
40007
40013
40037
40046
40064
40072
40080
40088
40097
40109
40110
40127
40168
40185
40197
40231
40254
40282
40298
40303
40306
40319
40326
40331
40336
40340
40365
40379
40384
40387
40398
40420
40435
40443
40450
40501
40501
40502
40504
40506
40537
40541
40548
40560
40588
40603
40611
40621
40624
40659
40669
40704
40715
40721
40728
40764
40765
40784
40827
40838
40840
40861
40902
40915
40931
40965
41001
41022
41045
41062
41062
41071
41071
41074
41078
41091
41096
41139
41146
41181
41210
41212
41238
41265
41275
41283
41319
41359
41364
41378
41401
41407
41418
41429
41433
41434
41434
41460
41478
41496
41506
41512
41514
41554
41561
41563
41569
41573
41583
41586
41643
41662
41663
41682
41689
41697
41772
41772
41775
41778
41797
41804
41807
41808
41817
41818
41822
41822
41844
41849
41860
41868
41899
41908
41909
41923
41925
41930
41961
42027
42042
42057
42070
42080
42092
42094
42108
42131
42141
42171
42174
42185
42188
42199
42220
42222
42226
42250
42291
42293
42311
42327
42327
42335
42336
42365
42388
42389
42407
42417
42439
42466
42485
42517
42524
42526
42544
42546
42548
42575
42577
42611
42658
42660
42708
42709
42714
42722
42727
42740
42753
42783
42809
42812
42817
42819
42841
42863
42874
42875
42879
42886
42887
42890
42914
42917
42922
42928
42928
42941
42959
42965
42966
42973
42976
42992
43043
43048
43073
43078
43079
43158
43177
43178
43214
43244
43250
43254
43288
43303
43358
43378
43384
43395
43416
43424
43426
43434
43440
43447
43466
43478
43480
43488
43490
43514
43552
43584
43603
43625
43638
43641
43646
43665
43666
43676
43677
43684
43701
43701
43704
43733
43752
43753
43773
43811
43836
43839
43895
43895
43950
43956
43983
44019
44050
44081
44104
44116
44123
44150
44165
44176
44186
44196
44203
44234
44271
44280
44280
44281
44288
44309
44312
44318
44331
44340
44353
44356
44357
44366
44368
44381
44397
44399
44429
44436
44436
44438
44449
44459
44460
44480
44510
44539
44558
44580
44587
44593
44613
44651
44655
44675
44694
44712
44733
44750
44754
44775
44793
44801
44802
44833
44889
44890
44911
44920
44938
44964
44988
45021
45029
45058
45083
45088
45095
45097
45107
45120
45123
45131
45131
45135
45143
45150
45159
45163
45214
45243
45254
45257
45257
45285
45309
45335
45336
45345
45378
45384
45389
45395
45398
45398
45402
45423
45427
45437
45443
45474
45493
45496
45497
45515
45537
45551
45564
45580
45609
45611
45616
45619
45626
45652
45668
45668
45675
45677
45712
45719
45730
45735
45741
45759
45764
45784
45793
45810
45839
45846
45861
45877
45892
45896
45899
45908
45916
45929
45930
45936
45941
45945
45949
45955
45959
45964
45982
46003
46018
46031
46064
46075
46084
46088
46115
46131
46150
46212
46289
46289
46331
46350
46351
46355
46382
46382
46392
46403
46404
46456
46456
46491
46494
46501
46532
46578
46578
46588
46647
46656
46727
46735
46745
46757
46772
46805
46817
46829
46881
46886
46886
46916
46936
46962
46966
47053
47057
47082
47083
47094
47099
47121
47122
47149
47166
47185
47215
47242
47261
47291
47320
47329
47337
47381
47395
47443
47447
47500
47503
47504
47536
47538
47589
47595
47599
47600
47636
47637
47646
47669
47683
47720
47746
47763
47767
47785
47785
47806
47859
47872
47873
47908
47946
47947
47953
47975
47998
48033
48040
48068
48139
48184
48194
48213
48225
48230
48267
48278
48298
48305
48342
48379
48428
48443
48446
48448
48457
48485
48506
48538
48543
48562
48566
48572
48605
48612
48620
48642
48666
48675
48680
48682
48695
48711
48744
48758
48811
48848
48863
48869
48874
48875
48885
48887
48890
48906
48907
48912
48930
48936
48941
48946
48995
49003
49016
49031
49039
49048
49058
49059
49071
49111
49112
49171
49231
49249
49270
49290
49292
49298
49305
49317
49346
49364
49398
49407
49422
49424
49426
49437
49476
49479
49485
49501
49508
49512
49526
49579
49664
49665
49693
49723
49744
49744
49747
49758
49776
49782
49786
49789
49804
49847
49848
49872
49904
49908
49969
50056
50066
50075
50094
50100
50121
50148
50167
50170
50171
50249
50253
50270
50271
50274
50295
50303
50322
50326
50341
50342
50347
50357
50384
50384
50406
50414
50416
50438
50443
50479
50489
50502
50507
50542
50546
50552
50555
50566
50602
50619
50674
50675
50723
50729
50757
50769
50798
50810
50830
50831
50831
50864
50869
50871
50875
50879
50884
50893
50972
51020
51061
51071
51072
51078
51100
51112
51122
51164
51203
51237
51242
51247
51263
51268
51270
51276
51299
51304
51316
51344
51357
51376
51387
51395
51444
51472
51475
51476
51492
51521
51523
51562
51579
51585
51677
51681
51687
51701
51708
51724
51745
51745
51764
51765
51820
51833
51853
51878
51901
51908
51914
51927
51930
51955
51971
51972
51981
52016
52049
52096
52100
52160
52189
52235
52247
52250
52258
52264
52270
52278
52287
52306
52317
52321
52325
52334
52339
52342
52348
52411
52431
52455
52477
52483
52491
52525
52574
52578
52606
52660
52699
52704
52705
52774
52822
52830
52837
52838
52851
52857
52872
52873
52917
52941
52955
52985
52990
52992
52999
53000
53012
53016
53021
53024
53033
53065
53079
53173
53185
53186
53196
53216
53220
53243
53272
53277
53294
53316
53354
53385
53386
53445
53445
53478
53500
53505
53512
53524
53529
53542
53542
53555
53569
53583
53585
53594
53604
53646
53670
53672
53683
53684
53697
53710
53721
53810
53821
53824
53829
53861
53865
53942
53952
53953
53955
54021
54026
54028
54039
54072
54103
54108
54120
54124
54142
54165
54177
54190
54193
54242
54252
54261
54277
54334
54337
54341
54371
54411
54429
54475
54491
54517
54517
54530
54547
54548
54566
54604
54604
54618
54627
54633
54663
54689
54726
54753
54756
54758
54767
54822
54826
54849
54871
54969
54972
55001
55053
55065
55072
55079
55080
55090
55116
55127
55139
55157
55173
55255
55258
55268
55301
55306
55329
55355
55368
55396
55406
55408
55432
55433
55453
55461
55531
55556
55576
55611
55616
55620
55634
55659
55668
55683
55683
55715
55743
55764
55767
55786
55830
55849
55883
55890
55942
55944
55948
55980
56042
56097
56177
56193
56199
56206
56218
56220
56240
56254
56273
56303
56307
56313
56500
56512
56515
56516
56542
56577
56587
56619
56625
56627
56656
56661
56662
56677
56693
56714
56757
56772
56777
56790
56815
56850
56903
56907
56932
56968
56970
56975
56984
56988
56989
57054
57057
57060
57120
57130
57219
57222
57256
57290
57307
57322
57351
57358
57372
57389
57391
57414
57428
57434
57444
57457
57465
57475
57532
57533
57555
57584
57596
57612
57616
57619
57644
57710
57718
57759
57769
57778
57787
57790
57807
57848
57900
57911
57973
57999
58045
58057
58060
58083
58094
58151
58225
58268
58269
58284
58294
58300
58308
58316
58324
58338
58376
58380
58393
58408
58426
58438
58441
58455
58462
58462
58464
58479
58510
58519
58551
58576
58601
58616
58685
58686
58706
58712
58717
58758
58766
58781
58786
58794
58834
58842
58869
58878
58931
58947
58970
58976
58993
58997
58999
59002
59008
59015
59022
59074
59078
59112
59132
59178
59203
59206
59210
59258
59336
59341
59356
59367
59367
59422
59449
59482
59501
59527
59547
59567
59604
59664
59686
59729
59742
59751
59756
59764
59800
59800
59845
59870
59950
59971
59977
59987
60026
60072
60128
60145
60147
60202
60209
60249
60256
60307
60320
60383
60432
60438
60439
60630
60636
60645
60656
60668
60671
60671
60740
60752
60797
60816
60828
60905
60920
60922
60950
60959
60965
60997
61053
61112
61120
61125
61136
61203
61224
61244
61246
61248
61279
61281
61282
61289
61292
61309
61311
61335
61357
61430
61469
61489
61501
61525
61542
61558
61566
61569
61604
61607
61608
61609
61635
61646
61666
61714
61747
61761
61808
61824
61843
61845
61886
61896
61907
61915
61935
61952
61967
61989
61993
62018
62037
62070
62116
62207
62234
62294
62324
62325
62369
62372
62407
62414
62452
62480
62525
62531
62566
62568
62572
62583
62587
62597
62599
62635
62635
62638
62673
62675
62681
62692
62693
62721
62734
62760
62763
62788
62793
62821
62822
62824
62877
62930
62966
62978
62980
62987
63011
63026
63061
63063
63081
63114
63214
63218
63231
63259
63292
63327
63345
63348
63351
63390
63423
63500
63521
63537
63547
63551
63565
63581
63603
63655
63661
63686
63720
63721
63734
63752
63844
63880
63906
63906
63911
63946
63981
63991
63994
64019
64028
64102
64109
64145
64153
64169
64169
64184
64245
64291
64292
64298
64302
64325
64336
64366
64370
64395
64398
64448
64469
64476
64480
64522
64574
64594
64622
64640
64642
64646
64648
64648
64668
64694
64695
64718
64725
64734
64751
64802
64848
64849
64876
64879
64987
65009
65038
65045
65048
65068
65073
65073
65073
65123
65190
65191
65194
65203
65210
65214
65229
65240
65240
65249
65280
65290
65302
65302
65314
65317
65351
65354
65368
65379
65457
65502
65509
65512
65523
65536
65538
65539
65564
65567
65645
65655
65667
65676
65685
65698
65777
65786
65823
65827
65838
66035
66047
66055
66093
66164
66180
66185
66272
66373
66394
66404
66443
66456
66463
66506
66540
66554
66587
66596
66616
66620
66661
66676
66745
66747
66758
66800
66847
66858
66863
66872
66919
66920
66946
66948
66966
66968
66969
67035
67041
67084
67096
67211
67215
67215
67231
67246
67254
67274
67295
67299
67316
67330
67333
67363
67385
67398
67439
67444
67453
67471
67474
67489
67515
67524
67532
67538
67555
67603
67639
67673
67683
67773
67809
67844
67864
67880
67883
67921
67980
67983
67998
68034
68046
68051
68072
68093
68100
68104
68154
68186
68311
68324
68398
68405
68418
68439
68539
68587
68605
68636
68656
68656
68713
68718
68721
68755
68781
68843
68905
68907
68949
68985
68987
69023
69045
69088
69121
69170
69235
69236
69240
69263
69271
69289
69317
69371
69413
69421
69442
69447
69449
69451
69480
69488
69500
69539
69608
69653
69751
69765
69807
69840
69844
69904
69916
69935
69962
69965
69984
70025
70037
70103
70126
70129
70140
70190
70227
70303
70328
70338
70387
70395
70465
70488
70506
70521
70524
70537
70540
70568
70583
70598
70611
70627
70654
70695
70701
70740
70756
70823
70841
70844
70864
70982
70996
70999
71002
71079
71119
71141
71154
71158
71215
71238
71251
71260
71284
71300
71328
71420
71445
71515
71651
71674
71682
71695
71705
71752
71819
71842
71870
71896
71941
72014
72040
72072
72132
72139
72154
72170
72207
72249
72270
72273
72274
72302
72341
72364
72372
72430
72444
72499
72522
72560
72619
72620
72650
72745
72802
72868
72879
72932
72990
73023
73028
73040
73059
73061
73125
73126
73129
73139
73153
73166
73334
73405
73410
73424
73426
73449
73529
73651
73665
73676
73714
73739
73757
73789
73793
73808
73822
73924
73943
73998
74015
74167
74172
74201
74202
74208
74244
74274
74324
74343
74350
74458
74460
74470
74473
74480
74579
74604
74608
74615
74739
74754
74757
74779
74814
74883
74908
74992
74993
75061
75085
75143
75144
75154
75159
75179
75209
75237
75239
75254
75281
75283
75305
75311
75324
75349
75353
75364
75543
75543
75589
75623
75673
75710
75717
75720
75758
75819
75949
76038
76146
76147
76179
76180
76256
76263
76275
76401
76407
76443
76445
76465
76637
76664
76683
76689
76727
76738
76741
76752
76796
76816
76927
76951
76962
76984
77043
77057
77083
77091
77104
77232
77247
77252
77312
77321
77329
77347
77349
77358
77366
77432
77433
77438
77537
77548
77552
77558
77616
77643
77649
77733
77737
77783
77833
77907
77942
77954
78024
78039
78096
78110
78156
78300
78395
78399
78400
78403
78407
78432
78435
78445
78509
78514
78553
78617
78637
78730
78754
78756
78778
78796
78823
78831
78866
78917
78991
79000
79055
79067
79085
79162
79179
79238
79319
79329
79343
79416
79416
79430
79443
79455
79583
79606
79690
79717
79761
79761
79776
79790
79804
79812
79908
79913
79920
80001
80080
80132
80141
80191
80297
80486
80523
80528
80549
80563
80666
80709
80721
80723
80727
80795
80916
80963
81006
81011
81085
81167
81178
81180
81187
81265
81285
81353
81416
81508
81603
81664
81685
81739
81773
81775
81797
81872
81887
81934
82005
82062
82065
82072
82094
82113
82155
82158
82210
82214
82241
82287
82331
82332
82376
82380
82408
82469
82493
82505
82528
82559
82594
82749
82753
82760
82795
82795
82807
82807
82879
82881
82924
83024
83027
83109
83124
83143
83218
83235
83384
83385
83390
83525
83582
83599
83639
83662
83714
83852
83908
83972
83984
84038
84058
84062
84064
84069
84092
84101
84223
84378
84412
84455
84480
84581
84619
84696
84725
84736
84741
84745
84891
84900
85021
85023
85030
85038
85056
85083
85096
85128
85129
85176
85212
85228
85252
85318
85408
85446
85462
85511
85531
85538
85561
85591
85644
85671
85708
85720
85752
85820
85859
85876
85943
86054
86099
86101
86127
86131
86152
86175
86283
86316
86366
86400
86400
86450
86495
86501
86551
86637
86652
86708
86743
86847
86895
86953
87003
87016
87028
87054
87160
87324
87364
87416
87444
87466
87484
87498
87524
87561
87609
87654
87677
87686
87722
87752
87760
87779
87951
87966
88032
88131
88133
88288
88353
88388
88391
88407
88408
88408
88467
88521
88587
88601
88610
88629
88711
88727
88746
88799
88891
88920
88994
89086
89116
89152
89167
89190
89259
89312
89319
89325
89365
89421
89474
89478
89550
89562
89570
89574
89610
89611
89612
89636
89704
89709
89769
89777
89855
89877
89936
89949
90033
90095
90103
90163
90361
90476
90497
90570
90656
90670
90709
90722
90819
90969
90979
91038
91041
91130
91143
91230
91250
91301
91333
91342
91382
91430
91450
91452
91453
91478
91523
91561
91671
91706
91732
91781
91795
91886
91894
91957
92016
92069
92111
92144
92229
92304
92312
92317
92368
92382
92388
92448
92508
92516
92567
92568
92571
92673
92680
92808
92866
92867
92911
93060
93188
93320
93330
93487
93509
93560
93655
93659
93683
93709
93740
93834
93881
93910
93921
93959
94004
94121
94202
94228
94238
94272
94272
94290
94308
94322
94322
94339
94536
94543
94619
94630
94670
94966
95043
95045
95112
95173
95519
95578
95624
95746
95761
95820
95824
95846
95866
95915
95950
95978
96011
96182
96254
96262
96377
96473
96537
96540
96710
96772
96837
96847
96851
96912
96974
96975
96993
97083
97093
97202
97233
97295
97436
97553
97627
97690
97696
97848
97867
98032
98037
98052
98071
98120
98196
98198
98324
98372
98373
98481
98503
98575
98581
98727
98812
98866
98908
99080
99085
99183
99190
99258
99344
99403
99443
99513
99550
99558
99567
99584
99634
99644
99663
99803
99843
99900
99990
100003
100009
100091
100136
100157
100176
100262
100382
100399
100573
100634
100746
100765
100781
100815
100818
100825
100958
100960
101001
101019
101075
101088
101092
101097
101099
101142
101169
101185
101201
101203
101231
101253
101255
101448
101489
101516
101534
101631
101701
101762
101831
101836
102077
102201
102209
102237
102337
102343
102365
102549
102565
102729
102739
102807
102876
102895
102913
103044
103057
103089
103120
103139
103169
103232
103239
103311
103565
103648
103670
103672
103718
103731
103806
103886
103957
104124
104207
104288
104314
104438
104467
104494
104555
104579
104589
104652
104654
104733
104830
104910
105102
105113
105181
105235
105329
105343
105352
105407
105411
105602
105606
105671
105674
105742
105743
105761
105786
105802
105835
105845
106305
106487
106526
106599
106656
106696
106711
106806
106819
106832
106964
106968
107012
107073
107121
107213
107257
107623
107657
107703
107704
107724
107749
107776
107780
107911
107958
107961
107985
108053
108083
108142
108171
108173
108187
108332
108400
108614
108638
108674
108691
108790
108872
108879
108919
108951
108978
109042
109122
109324
109410
109447
109479
109518
109777
109823
109892
109902
109998
110075
110188
110301
110581
110622
110672
110724
110862
110887
110901
110974
110978
111047
111084
111139
111236
111413
111419
111436
111503
111562
111579
111704
111725
111778
111823
111858
111879
111954
112143
112176
112238
112239
112334
112422
112634
112642
112669
112685
112774
112835
112839
113011
113058
113333
113360
113563
113583
113674
113680
113771
113780
113829
114280
114280
114307
114313
114452
114532
114863
115028
115030
115048
115066
115086
115135
115262
115289
115368
115535
115611
115801
115811
115847
115942
116033
116070
116110
116156
116373
116426
116541
116559
116638
116850
116852
116902
116943
117004
117258
117316
117338
117350
117373
117417
117461
117464
117767
117884
117983
117998
118068
118230
118269
118413
118430
118441
118479
118509
118671
118736
118736
118780
118846
118870
119007
119038
119071
119136
119316
119321
119347
119399
119707
119759
119976
119998
120026
120142
120156
120362
120660
120680
120826
120891
120893
120970
121037
121160
121322
121370
121411
121445
121529
121608
121610
121698
121867
121901
122165
122169
122242
122264
122300
122314
122319
122332
122489
122634
122749
122800
122855
122856
122941
122979
123200
123216
123288
123425
123508
123632
123846
123890
124113
124303
124312
124333
124529
124535
124645
124734
124738
124773
124936
124940
125004
125197
125225
125247
125266
125359
125465
125480
125534
125618
125678
125836
125873
125988
126032
126104
126167
126171
126296
126351
126390
126393
126395
126494
126720
126777
126778
126847
126890
126893
126898
127086
127168
127491
127677
127710
127734
127747
127782
127794
127809
127818
127824
128010
128024
128029
128275
128400
128438
128452
128461
128477
128477
128481
128593
128631
128714
128771
128848
128926
128980
129036
129196
129248
129368
129437
129448
129464
129550
129661
129774
129828
129941
130038
130057
130152
130263
130432
130476
130588
130612
130798
131151
131162
131216
131229
131263
131337
131534
131570
131576
131716
131743
131791
131841
131953
131959
132052
132122
132136
132189
132249
132382
132434
132435
132464
132500
132505
132567
132740
132750
132855
132942
133022
133039
133071
133080
133120
133200
133301
133320
133444
133545
133553
133572
133590
133675
133972
134004
134172
134294
134409
134413
134434
134468
134494
134501
134595
134726
134912
134926
135013
135199
135261
135385
135419
135464
135509
135626
135773
135829
136209
136363
136397
136420
136454
136667
136708
136773
136845
137209
137560
137634
137649
137659
137751
137751
137781
137820
137838
138003
138009
138038
138261
138295
138422
138519
138591
138983
139223
139229
139375
139385
139501
139697
139713
139974
140054
140081
140090
140146
140323
140519
140665
140692
141028
141067
141090
141108
141300
141308
141324
141501
142020
142026
142123
142140
142190
142503
142519
143054
143130
143322
143504
143589
143635
143837
144183
144369
144444
144461
144508
144611
144689
144773
144948
144949
145086
145116
145141
145221
145290
145550
145585
145781
145790
145791
146088
146458
146665
146727
146832
146899
146987
147112
147206
147407
147418
147788
147811
147896
148330
148592
148669
148853
148894
149019
149027
149028
149195
149770
149926
149967
150104
150109
150286
150389
150619
150677
150728
151278
151479
152066
152164
152517
152780
152858
152966
153081
153113
153268
153279
153634
153664
153773
153776
153851
153894
154099
154444
155016
155072
155154
155381
155400
155443
155505
155521
155587
155673
155680
156065
156076
156148
156464
156683
156730
156749
156925
157246
157582
157934
158047
158422
158661
158729
158873
159013
159177
159199
159230
159785
160055
160233
160402
160500
160515
160612
160613
160641
160884
160966
161014
161149
161386
161535
161682
161703
161723
161952
162537
162665
163167
163212
163770
163844
163941
164351
164430
164690
164808
165016
165253
165893
166158
166299
166497
166510
166804
167033
167191
167283
167750
167818
167836
168059
168556
168790
169011
169141
169738
169847
169995
170116
170283
170558
170621
170683
171004
171296
171348
171350
171488
171650
171661
172272
172345
172378
172480
172864
172994
173134
173191
173595
174088
174400
174436
174438
174551
174654
175028
175299
175419
175512
175739
175987
176303
177344
177373
177600
177644
177674
177798
177883
177945
178171
178387
178562
179013
179048
179249
179427
180064
180294
180315
180450
180526
180530
180563
180796
180820
180895
180914
181183
181681
181917
182317
183094
184276
184297
184343
184523
185168
185810
185846
186261
186730
186746
186918
186920
187416
187553
187738
187872
187902
187914
188358
188602
188975
189310
189447
189861
189948
190188
190300
190347
191398
192102
192111
192319
192551
192972
193130
193488
193653
193705
193876
194088
194625
195473
195660
196447
197213
198223
198506
198855
199434
199738
199996
200312
200346
200391
200861
201183
201568
202647
202790
202924
203100
203572
203878
204479
204700
205182
205757
205820
205944
206109
206502
206914
207652
207827
208110
208638
208855
208997
209118
209233
209279
209315
209418
209514
209571
209677
209729
209838
209975
210064
210198
210612
210990
211005
211550
212743
212985
213062
213815
214489
214628
216276
216926
217149
217839
218415
218946
219013
219063
219167
219713
219758
220554
220623
221306
221320
221911
222152
222290
222922
223329
224185
224424
226227
226377
226702
226771
226889
228496
229086
229599
230138
230354
230799
231836
232606
232904
233143
233157
234722
235434
235732
235915
236302
236470
236491
236501
236708
236899
237153
237558
237833
238159
238603
239147
239433
239915
240162
241105
241804
242163
243462
245031
246537
247520
247840
248219
248652
250068
250318
250406
250710
253016
253966
254723
254871
255319
255336
255659
256228
256636
257483
258482
259839
259846
260370
261625
261780
262150
263237
264158
264223
264861
268538
268782
268835
270169
272278
276576
278684
281914
281971
283291
285500
287923
288574
288612
289903
290827
291210
293355
293623
294016
295434
304078
304800
306425
306457
306579
310229
311246
313691
315351
318533
318807
318864
319549
319803
323192
323579
326586
326850
329602
332163
332666
333093
333106
333299
337091
338023
338696
339337
341509
348941
352136
354022
366256
367973
373909
377495
379299
381202
381230
388647
389303
398165
400081
405672
408794
414572
416051
428719
451670
453832
459327
469006
479898
490309
506970
526445
529777
539403
552249
579805
600357
636987
833783
1006273
1076695
