****                   ADMIXTURE Version 1.3.0                  ****
****                    Copyright 2008-2015                     ****
****           David Alexander, Suyash Shringarpure,            ****
****                John  Novembre, Ken Lange                   ****
****                                                            ****
****                 Please cite our paper!                     ****
****   Information at www.genetics.ucla.edu/software/admixture  ****

Cross-validation will be performed.  Folds=5.
Random seed: 43
Point estimation method: Block relaxation algorithm
Convergence acceleration algorithm: QuasiNewton, 3 secant conditions
Point estimation will terminate when objective function delta < 0.0001
Estimation of standard errors disabled; will compute point estimates only.
Size of G: 347x9040
Performing five EM steps to prime main algorithm
1 (EM) 	Elapsed: 0.14	Loglikelihood: -130106	(delta): 4.65915e+06
2 (EM) 	Elapsed: 0.14	Loglikelihood: -121324	(delta): 8781.65
3 (EM) 	Elapsed: 0.139	Loglikelihood: -120583	(delta): 741.332
4 (EM) 	Elapsed: 0.101	Loglikelihood: -120228	(delta): 354.278
5 (EM) 	Elapsed: 0.101	Loglikelihood: -120037	(delta): 191.839
Initial loglikelihood: -120037
Starting main algorithm
1 (QN/Block) 	Elapsed: 0.256	Loglikelihood: -118329	(delta): 1708.02
2 (QN/Block) 	Elapsed: 0.256	Loglikelihood: -117683	(delta): 645.848
3 (QN/Block) 	Elapsed: 0.295	Loglikelihood: -117430	(delta): 252.916
4 (QN/Block) 	Elapsed: 0.295	Loglikelihood: -117368	(delta): 61.4124
5 (QN/Block) 	Elapsed: 0.314	Loglikelihood: -117355	(delta): 13.0183
6 (QN/Block) 	Elapsed: 0.294	Loglikelihood: -117351	(delta): 4.6281
7 (QN/Block) 	Elapsed: 0.294	Loglikelihood: -117349	(delta): 1.65683
8 (QN/Block) 	Elapsed: 0.351	Loglikelihood: -117349	(delta): 0.0612012
9 (QN/Block) 	Elapsed: 0.351	Loglikelihood: -117349	(delta): 9.50633e-07
Summary: 
Converged in 9 iterations (3.681 sec)
Loglikelihood: -117348.980324
Fst divergences between estimated populations: 
	Pop0	
Pop0	
Pop1	0.004	
CV error (K=2): 0.05862
Writing output files.
